<?xml version="1.0" encoding="UTF-8"?>
<testsuites>
  <testsuite errors="0" failures="0" tests="1" skipped="0" name=".Users.cristianocunha.Documents.Projects.flutter.SF_flutter_demo.my_app.test.widget" timestamp="2022-10-12T08:25:16">
    <properties>
      <property name="platform" value="vm"/>
    </properties>
    <testcase classname=".Users.cristianocunha.Documents.Projects.flutter.SF_flutter_demo.my_app.test.widget" name="Counter increments smoke test" time="1.067"/>
  </testsuite>
</testsuites>